<?xml version="1.0" encoding="UTF-8"?>
<!-- Generated by org.testng.reporters.JUnitReportReporter -->
<testsuite skipped="1" hostname="DESKTOP-CN0TONS" name="com.testcases.LoginPageTest" tests="3" failures="0" timestamp="2021-11-22T17:41:18 IST" time="59.385" errors="0">
  <testcase name="validateLoginUsingTestNGDataProvider" time="48.341" classname="com.testcases.LoginPageTest"/>
  <system-out/>
  <testcase name="validateLoginUsingTestNGDataProvider" time="11.044" classname="com.testcases.LoginPageTest"/>
  <system-out/>
  <testcase name="validateTitleTest" classname="com.testcases.LoginPageTest">
    <skipped/>
  </testcase> <!-- validateTitleTest -->
  <system-out/>
</testsuite> <!-- com.testcases.LoginPageTest -->
